e:\documents\作业\数据结构\2020课程设计\riskana\riskana\debug\vc141.pdb
e:\documents\作业\数据结构\2020课程设计\riskana\riskana\debug\vc141.idb
e:\documents\作业\数据结构\2020课程设计\riskana\riskana\debug\route.obj
e:\documents\作业\数据结构\2020课程设计\riskana\riskana\debug\output.obj
e:\documents\作业\数据结构\2020课程设计\riskana\riskana\debug\route_time.obj
e:\documents\作业\数据结构\2020课程设计\riskana\riskana\debug\initialize.obj
e:\documents\作业\数据结构\2020课程设计\riskana\riskana\debug\outputgui.obj
e:\documents\作业\数据结构\2020课程设计\riskana\riskana\debug\outputfile.obj
e:\documents\作业\数据结构\2020课程设计\riskana\riskana\debug\egearrow.obj
e:\documents\作业\数据结构\2020课程设计\riskana\riskana\debug\travelgui.obj
e:\documents\作业\数据结构\2020课程设计\riskana\riskana\debug\routegui.obj
e:\documents\作业\数据结构\2020课程设计\riskana\riskana\debug\notravelgui.obj
e:\documents\作业\数据结构\2020课程设计\riskana\riskana\debug\main.obj
e:\documents\作业\数据结构\2020课程设计\riskana\riskana\debug\delete.obj
e:\documents\作业\数据结构\2020课程设计\riskana\debug\riskana.exe
e:\documents\作业\数据结构\2020课程设计\riskana\debug\riskana.ilk
e:\documents\作业\数据结构\2020课程设计\riskana\debug\riskana.pdb
e:\documents\作业\数据结构\2020课程设计\riskana\riskana\debug\delete.obj.enc
e:\documents\作业\数据结构\2020课程设计\riskana\riskana\debug\initialize.obj.enc
e:\documents\作业\数据结构\2020课程设计\riskana\riskana\debug\main.obj.enc
e:\documents\作业\数据结构\2020课程设计\riskana\riskana\debug\notravelgui.obj.enc
e:\documents\作业\数据结构\2020课程设计\riskana\riskana\debug\outputfile.obj.enc
e:\documents\作业\数据结构\2020课程设计\riskana\riskana\debug\outputgui.obj.enc
e:\documents\作业\数据结构\2020课程设计\riskana\riskana\debug\route.obj.enc
e:\documents\作业\数据结构\2020课程设计\riskana\riskana\debug\routegui.obj.enc
e:\documents\作业\数据结构\2020课程设计\riskana\riskana\debug\route_time.obj.enc
e:\documents\作业\数据结构\2020课程设计\riskana\riskana\debug\travelgui.obj.enc
e:\documents\作业\数据结构\2020课程设计\riskana\riskana\debug\riskana.tlog\cl.command.1.tlog
e:\documents\作业\数据结构\2020课程设计\riskana\riskana\debug\riskana.tlog\cl.read.1.tlog
e:\documents\作业\数据结构\2020课程设计\riskana\riskana\debug\riskana.tlog\cl.write.1.tlog
e:\documents\作业\数据结构\2020课程设计\riskana\riskana\debug\riskana.tlog\link.command.1.tlog
e:\documents\作业\数据结构\2020课程设计\riskana\riskana\debug\riskana.tlog\link.read.1.tlog
e:\documents\作业\数据结构\2020课程设计\riskana\riskana\debug\riskana.tlog\link.write.1.tlog
