e:\documents\作业\数据结构\2020课程设计\riskana\riskana\release\vc141.pdb
e:\documents\作业\数据结构\2020课程设计\riskana\riskana\release\travelgui.obj
e:\documents\作业\数据结构\2020课程设计\riskana\riskana\release\route_time.obj
e:\documents\作业\数据结构\2020课程设计\riskana\riskana\release\routegui.obj
e:\documents\作业\数据结构\2020课程设计\riskana\riskana\release\route.obj
e:\documents\作业\数据结构\2020课程设计\riskana\riskana\release\notravelgui.obj
e:\documents\作业\数据结构\2020课程设计\riskana\riskana\release\outputfile.obj
e:\documents\作业\数据结构\2020课程设计\riskana\riskana\release\main.obj
e:\documents\作业\数据结构\2020课程设计\riskana\riskana\release\initialize.obj
e:\documents\作业\数据结构\2020课程设计\riskana\riskana\release\delete.obj
e:\documents\作业\数据结构\2020课程设计\riskana\release\riskana.exe
e:\documents\作业\数据结构\2020课程设计\riskana\release\riskana.pdb
e:\documents\作业\数据结构\2020课程设计\riskana\release\riskana.ipdb
e:\documents\作业\数据结构\2020课程设计\riskana\release\riskana.iobj
e:\documents\作业\数据结构\2020课程设计\riskana\riskana\release\riskana.tlog\cl.command.1.tlog
e:\documents\作业\数据结构\2020课程设计\riskana\riskana\release\riskana.tlog\cl.read.1.tlog
e:\documents\作业\数据结构\2020课程设计\riskana\riskana\release\riskana.tlog\cl.write.1.tlog
e:\documents\作业\数据结构\2020课程设计\riskana\riskana\release\riskana.tlog\link.command.1.tlog
e:\documents\作业\数据结构\2020课程设计\riskana\riskana\release\riskana.tlog\link.read.1.tlog
e:\documents\作业\数据结构\2020课程设计\riskana\riskana\release\riskana.tlog\link.write.1.tlog
e:\documents\作业\数据结构\2020课程设计\riskana\riskana\release\riskana.tlog\riskana.write.1u.tlog
